2026-06-30 05:21:21 +0000 [MT] Initial pipeline context: <IDEDistributionProcessingPipelineContext: 0xc840e1800; archive(resolved)="<IDEArchive: 0xc841741c0>", distributionTask(resolved)="2", distributionDestination(resolved)="1", distributionMethod(resolved)="<IDEDistributionMethodMacAppStoreDistribution: 0xc82627a30>", team(resolved)="<IDEProvisioningBasicTeam: 0xc841963e0; teamID='QMM486NPYC', teamName='Joshua Trommel'>">
	Chain (15, self inclusive):
	<IDEDistributionProcessingPipelineContext: 0xc840e1800; archive = "<IDEArchive: 0xc841741c0>", distributionMethod="<IDEDistributionMethodMacAppStoreDistribution: 0xc82627a30>", team="<IDEProvisioningBasicTeam: 0xc841963e0; teamID='QMM486NPYC', teamName='Joshua Trommel'>">
	<IDEDistributionProcessingPipelineContext: 0xc840e1500; archive = "<IDEArchive: 0xc841741c0>", distributionMethod="<IDEDistributionMethodMacAppStoreDistribution: 0xc82627a30>", team="<IDEProvisioningBasicTeam: 0xc841963e0; teamID='QMM486NPYC', teamName='Joshua Trommel'>">
	<IDEDistributionContext: 0xc827caa80; archive = "<IDEArchive: 0xc841741c0>", distributionMethod="<IDEDistributionMethodMacAppStoreDistribution: 0xc82627a30>", team="<IDEProvisioningBasicTeam: 0xc841963e0; teamID='QMM486NPYC', teamName='Joshua Trommel'>">
	<IDEDistributionContext: 0xc827c9680; archive = "<IDEArchive: 0xc841741c0>", distributionMethod="<IDEDistributionMethodMacAppStoreDistribution: 0xc82627a30>", team="<IDEProvisioningBasicTeam: 0xc841963e0; teamID='QMM486NPYC', teamName='Joshua Trommel'>">
	<IDEDistributionContext: 0xc827caf80; archive = "<IDEArchive: 0xc841741c0>", distributionMethod="<IDEDistributionMethodMacAppStoreDistribution: 0xc82627a30>", team="<IDEProvisioningBasicTeam: 0xc841963e0; teamID='QMM486NPYC', teamName='Joshua Trommel'>">
	<IDEDistributionContext: 0xc827cb200; archive = "<IDEArchive: 0xc841741c0>", distributionMethod="<IDEDistributionMethodMacAppStoreDistribution: 0xc82627a30>", team="<IDEProvisioningBasicTeam: 0xc841963e0; teamID='QMM486NPYC', teamName='Joshua Trommel'>">
	<IDEDistributionContext: 0xc827cb480; archive = "<IDEArchive: 0xc841741c0>", distributionMethod="<IDEDistributionMethodMacAppStoreDistribution: 0xc82627a30>", team="<IDEProvisioningBasicTeam: 0xc841963e0; teamID='QMM486NPYC', teamName='Joshua Trommel'>">
	<IDEDistributionContext: 0xc827c9e00; archive = "<IDEArchive: 0xc841741c0>", distributionMethod="<IDEDistributionMethodMacAppStoreDistribution: 0xc82627a30>", team="<IDEProvisioningBasicTeam: 0xc841963e0; teamID='QMM486NPYC', teamName='Joshua Trommel'>">
	<IDEDistributionContext: 0xc827cb700; archive = "<IDEArchive: 0xc841741c0>", distributionMethod="<IDEDistributionMethodMacAppStoreDistribution: 0xc82627a30>", team="<IDEProvisioningBasicTeam: 0xc841963e0; teamID='QMM486NPYC', teamName='Joshua Trommel'>">
	<IDEDistributionContext: 0xc827c8f00; archive = "<IDEArchive: 0xc841741c0>", distributionMethod="<IDEDistributionMethodMacAppStoreDistribution: 0xc82627a30>", team="<IDEProvisioningBasicTeam: 0xc841963e0; teamID='QMM486NPYC', teamName='Joshua Trommel'>">
	<IDEDistributionContext: 0xc827c8c80; archive = "<IDEArchive: 0xc841741c0>", distributionMethod="<IDEDistributionMethodMacAppStoreDistribution: 0xc82627a30>", team="<IDEProvisioningBasicTeam: 0xc841963e0; teamID='QMM486NPYC', teamName='Joshua Trommel'>">
	<IDEDistributionContext: 0xc827c8a00; archive = "<IDEArchive: 0xc841741c0>", distributionMethod="<IDEDistributionMethodMacAppStoreDistribution: 0xc82627a30>", team="<IDEProvisioningBasicTeam: 0xc841963e0; teamID='QMM486NPYC', teamName='Joshua Trommel'>">
	<IDEDistributionContext: 0xc827c8780; archive = "<IDEArchive: 0xc841741c0>", distributionMethod="<IDEDistributionMethodMacAppStoreDistribution: 0xc82627a30>", team="(null)">
	<IDEDistributionContext: 0xc827c8000; archive = "<IDEArchive: 0xc841741c0>", distributionMethod="<IDEDistributionMethodMacAppStoreDistribution: 0xc82627a30>", team="(null)">
	<IDEDistributionContext: 0x102e27e90; archive = "<IDEArchive: 0xc841741c0>", distributionMethod="(null)", team="(null)">
</IDEDistributionProcessingPipelineContext: 0xc840e1800>
2026-06-30 05:21:21 +0000 [MT] Processing step: IDEDistributionCreateDestRootStep
2026-06-30 05:21:21 +0000 [MT] Processing step: IDEDistributionCopyItemStep
2026-06-30 05:21:21 +0000 [MT] Running /usr/bin/ditto '-V' '/Users/joshua/Documents/Code/spark/macos/.asc/artifacts/SparkMac.xcarchive/Products/Applications/SparkMac.app' '/var/folders/vk/dmj39y_n1n7gs0wclbyqkfn40000gn/T/XcodeDistPipeline.~~~SSrfuy/Root/Applications/SparkMac.app'
2026-06-30 05:21:21 +0000  >>> Copying /Users/joshua/Documents/Code/spark/macos/.asc/artifacts/SparkMac.xcarchive/Products/Applications/SparkMac.app 
2026-06-30 05:21:21 +0000  copying file ./Contents/_CodeSignature/CodeResources ... 
2026-06-30 05:21:21 +0000  3077 bytes for ./Contents/_CodeSignature/CodeResources
2026-06-30 05:21:21 +0000  copying file ./Contents/MacOS/SparkMac ... 
2026-06-30 05:21:21 +0000  1021040 bytes for ./Contents/MacOS/SparkMac
2026-06-30 05:21:21 +0000  copying file ./Contents/PlugIns/SparkWidgets.appex/Contents/_CodeSignature/CodeResources ... 
2026-06-30 05:21:21 +0000  2200 bytes for ./Contents/PlugIns/SparkWidgets.appex/Contents/_CodeSignature/CodeResources
2026-06-30 05:21:21 +0000  copying file ./Contents/PlugIns/SparkWidgets.appex/Contents/MacOS/SparkWidgets ... 
2026-06-30 05:21:21 +0000  550624 bytes for ./Contents/PlugIns/SparkWidgets.appex/Contents/MacOS/SparkWidgets
2026-06-30 05:21:21 +0000  copying file ./Contents/PlugIns/SparkWidgets.appex/Contents/Info.plist ... 
2026-06-30 05:21:21 +0000  1364 bytes for ./Contents/PlugIns/SparkWidgets.appex/Contents/Info.plist
2026-06-30 05:21:21 +0000  copying file ./Contents/Resources/AppIcon.icns ... 
2026-06-30 05:21:21 +0000  17379 bytes for ./Contents/Resources/AppIcon.icns
2026-06-30 05:21:21 +0000  copying file ./Contents/Resources/Assets.car ... 
2026-06-30 05:21:21 +0000  90552 bytes for ./Contents/Resources/Assets.car
2026-06-30 05:21:21 +0000  copying file ./Contents/Info.plist ... 
2026-06-30 05:21:21 +0000  1483 bytes for ./Contents/Info.plist
2026-06-30 05:21:21 +0000  copying file ./Contents/PkgInfo ... 
2026-06-30 05:21:21 +0000  8 bytes for ./Contents/PkgInfo
2026-06-30 05:21:21 +0000 [MT] /usr/bin/ditto exited with 0
2026-06-30 05:21:21 +0000 [MT] Processing step: IDEDistributionEmbedProfileStep
2026-06-30 05:21:21 +0000 [MT] Skipping profile for item: <IDEDistributionItem: 0xc8413f600; bundleID='com.heyitsmejosh.spark.mac.widgets', path='<DVTFilePath:0xc84174ee0:'/Users/joshua/Documents/Code/spark/macos/.asc/artifacts/SparkMac.xcarchive/Products/Applications/SparkMac.app/Contents/PlugIns/SparkWidgets.appex'>', codeSigningInfo='<_DVTCodeSigningInformation_Path: 0xc8413f660; isSigned='1', isAdHocSigned='0', signingCertificate='<DVTSigningCertificate: 0xc820f9980; name='Apple Development: trommatic@icloud.com (8VQ3Z7494A)', hash='DCF40745BE43EDF323978FBAEB96BAC4C4FA93E2', serialNumber='AD882848985F58FD0F83487E38FA44C', certificateKinds='(
    "1.2.840.113635.100.6.1.12",
    "1.2.840.113635.100.6.1.2"
), issueDate='2026-06-12 02:06:14 +0000''>', entitlements='{
    "com.apple.security.app-sandbox" = 1;
}', teamID='QMM486NPYC', identifier='com.heyitsmejosh.spark.mac.widgets', executablePath='<DVTFilePath:0xc8337ca20:'/Users/joshua/Documents/Code/spark/macos/.asc/artifacts/SparkMac.xcarchive/Products/Applications/SparkMac.app/Contents/PlugIns/SparkWidgets.appex/Contents/MacOS/SparkWidgets'>', hardenedRuntime='0'>'>
2026-06-30 05:21:21 +0000 [MT] Processing step: IDEDistributionInfoPlistStep
2026-06-30 05:21:21 +0000 [MT] Skipping setting DTXcodeBuildDistribution because toolsBuildVersionName was nil.
2026-06-30 05:21:21 +0000 [MT] Skipping setting DTXcodeBuildDistribution because toolsBuildVersionName was nil.
2026-06-30 05:21:21 +0000 [MT] Processing step: IDEDistributionItemRemovalStep
2026-06-30 05:21:21 +0000 [MT] Processing step: IDEDistributionAppThinningPlistStep
2026-06-30 05:21:21 +0000 [MT] Processing step: IDEDistributionSymbolsStep
2026-06-30 05:21:21 +0000 [MT] Writing /var/folders/vk/dmj39y_n1n7gs0wclbyqkfn40000gn/T/XcodeDistPipeline.~~~SSrfuy/Symbols/D6457354-53E0-3090-9094-EA46C7DAD7B4.symbols
2026-06-30 05:21:21 +0000 [MT] Writing /var/folders/vk/dmj39y_n1n7gs0wclbyqkfn40000gn/T/XcodeDistPipeline.~~~SSrfuy/Symbols/6DBA7379-2F80-3C4A-AEC1-16AB1A6BD50E.symbols
2026-06-30 05:21:21 +0000 [MT] Writing /var/folders/vk/dmj39y_n1n7gs0wclbyqkfn40000gn/T/XcodeDistPipeline.~~~SSrfuy/Symbols/D6457354-53E0-3090-9094-EA46C7DAD7B4.symbols
2026-06-30 05:21:21 +0000 [MT] Writing /var/folders/vk/dmj39y_n1n7gs0wclbyqkfn40000gn/T/XcodeDistPipeline.~~~SSrfuy/Symbols/6DBA7379-2F80-3C4A-AEC1-16AB1A6BD50E.symbols
2026-06-30 05:21:21 +0000 [MT] Writing /var/folders/vk/dmj39y_n1n7gs0wclbyqkfn40000gn/T/XcodeDistPipeline.~~~SSrfuy/Symbols/60B8772A-402A-378E-AD93-D3FED2EB7A78.symbols
2026-06-30 05:21:21 +0000 [MT] Writing /var/folders/vk/dmj39y_n1n7gs0wclbyqkfn40000gn/T/XcodeDistPipeline.~~~SSrfuy/Symbols/786A0112-2547-35C6-B397-472DE4F41B60.symbols
2026-06-30 05:21:21 +0000 [MT] Writing /var/folders/vk/dmj39y_n1n7gs0wclbyqkfn40000gn/T/XcodeDistPipeline.~~~SSrfuy/Symbols/60B8772A-402A-378E-AD93-D3FED2EB7A78.symbols
2026-06-30 05:21:21 +0000 [MT] Writing /var/folders/vk/dmj39y_n1n7gs0wclbyqkfn40000gn/T/XcodeDistPipeline.~~~SSrfuy/Symbols/786A0112-2547-35C6-B397-472DE4F41B60.symbols
2026-06-30 05:21:21 +0000 [MT] Processing step: IDEDistributionCopyAppleProvidedContentStep
2026-06-30 05:21:21 +0000 [MT] Processing step: IDEDistributionAppThinningStep
2026-06-30 05:21:21 +0000 [MT] Skipping step: IDEDistributionAppThinningStep because it said so
2026-06-30 05:21:21 +0000 [MT] Processing step: IDEDistributionArchThinningStep
2026-06-30 05:21:21 +0000 [MT] Archs to thin for item /Users/joshua/Documents/Code/spark/macos/.asc/artifacts/SparkMac.xcarchive/Products/Applications/SparkMac.app/Contents/PlugIns/SparkWidgets.appex are []
2026-06-30 05:21:21 +0000 [MT] Archs to thin for item /Users/joshua/Documents/Code/spark/macos/.asc/artifacts/SparkMac.xcarchive/Products/Applications/SparkMac.app are []
2026-06-30 05:21:21 +0000 [MT] Processing step: IDEDistributionODRStep
2026-06-30 05:21:21 +0000 [MT] Processing step: IDEDistributionStripXattrsStep
2026-06-30 05:21:21 +0000 [MT] Skipping stripping extended attributes because the codesign step will strip them.
2026-06-30 05:21:21 +0000 [MT] Skipping stripping extended attributes because the codesign step will strip them.
2026-06-30 05:21:21 +0000 [MT] Processing step: IDEDistributionCodesignStep
2026-06-30 05:21:21 +0000 [MT] Entitlements for <IDEDistributionItem: 0xc8413f600; bundleID='com.heyitsmejosh.spark.mac.widgets', path='<DVTFilePath:0xc84174ee0:'/Users/joshua/Documents/Code/spark/macos/.asc/artifacts/SparkMac.xcarchive/Products/Applications/SparkMac.app/Contents/PlugIns/SparkWidgets.appex'>', codeSigningInfo='<_DVTCodeSigningInformation_Path: 0xc8413f660; isSigned='1', isAdHocSigned='0', signingCertificate='<DVTSigningCertificate: 0xc820f9980; name='Apple Development: trommatic@icloud.com (8VQ3Z7494A)', hash='DCF40745BE43EDF323978FBAEB96BAC4C4FA93E2', serialNumber='AD882848985F58FD0F83487E38FA44C', certificateKinds='(
    "1.2.840.113635.100.6.1.12",
    "1.2.840.113635.100.6.1.2"
), issueDate='2026-06-12 02:06:14 +0000''>', entitlements='{
    "com.apple.security.app-sandbox" = 1;
}', teamID='QMM486NPYC', identifier='com.heyitsmejosh.spark.mac.widgets', executablePath='<DVTFilePath:0xc8337ca20:'/Users/joshua/Documents/Code/spark/macos/.asc/artifacts/SparkMac.xcarchive/Products/Applications/SparkMac.app/Contents/PlugIns/SparkWidgets.appex/Contents/MacOS/SparkWidgets'>', hardenedRuntime='0'>'>: {
    "com.apple.security.app-sandbox" = 1;
}
2026-06-30 05:21:21 +0000 [MT] Associated App Clip Identifiers Filter: Skipping because "com.apple.developer.associated-appclip-app-identifiers" is not present
2026-06-30 05:21:21 +0000 [MT] Entitlements for <IDEDistributionItem: 0xc8413f600; bundleID='com.heyitsmejosh.spark.mac.widgets', path='<DVTFilePath:0xc84174ee0:'/Users/joshua/Documents/Code/spark/macos/.asc/artifacts/SparkMac.xcarchive/Products/Applications/SparkMac.app/Contents/PlugIns/SparkWidgets.appex'>', codeSigningInfo='<_DVTCodeSigningInformation_Path: 0xc8413f660; isSigned='1', isAdHocSigned='0', signingCertificate='<DVTSigningCertificate: 0xc820f8d80; name='Apple Development: trommatic@icloud.com (8VQ3Z7494A)', hash='DCF40745BE43EDF323978FBAEB96BAC4C4FA93E2', serialNumber='AD882848985F58FD0F83487E38FA44C', certificateKinds='(
    "1.2.840.113635.100.6.1.12",
    "1.2.840.113635.100.6.1.2"
), issueDate='2026-06-12 02:06:14 +0000''>', entitlements='{
    "com.apple.security.app-sandbox" = 1;
}', teamID='QMM486NPYC', identifier='com.heyitsmejosh.spark.mac.widgets', executablePath='<DVTFilePath:0xc8337ca20:'/Users/joshua/Documents/Code/spark/macos/.asc/artifacts/SparkMac.xcarchive/Products/Applications/SparkMac.app/Contents/PlugIns/SparkWidgets.appex/Contents/MacOS/SparkWidgets'>', hardenedRuntime='0'>'> are: {
    "com.apple.security.app-sandbox" = 1;
}
2026-06-30 05:21:21 +0000 [MT] Writing entitlements for <IDEDistributionItem: 0xc8413f600; bundleID='com.heyitsmejosh.spark.mac.widgets', path='<DVTFilePath:0xc84174ee0:'/Users/joshua/Documents/Code/spark/macos/.asc/artifacts/SparkMac.xcarchive/Products/Applications/SparkMac.app/Contents/PlugIns/SparkWidgets.appex'>', codeSigningInfo='<_DVTCodeSigningInformation_Path: 0xc8413f660; isSigned='1', isAdHocSigned='0', signingCertificate='<DVTSigningCertificate: 0xc820f8d80; name='Apple Development: trommatic@icloud.com (8VQ3Z7494A)', hash='DCF40745BE43EDF323978FBAEB96BAC4C4FA93E2', serialNumber='AD882848985F58FD0F83487E38FA44C', certificateKinds='(
    "1.2.840.113635.100.6.1.12",
    "1.2.840.113635.100.6.1.2"
), issueDate='2026-06-12 02:06:14 +0000''>', entitlements='{
    "com.apple.security.app-sandbox" = 1;
}', teamID='QMM486NPYC', identifier='com.heyitsmejosh.spark.mac.widgets', executablePath='<DVTFilePath:0xc8337ca20:'/Users/joshua/Documents/Code/spark/macos/.asc/artifacts/SparkMac.xcarchive/Products/Applications/SparkMac.app/Contents/PlugIns/SparkWidgets.appex/Contents/MacOS/SparkWidgets'>', hardenedRuntime='0'>'> to: /var/folders/vk/dmj39y_n1n7gs0wclbyqkfn40000gn/T/XcodeDistPipeline.~~~SSrfuy/entitlements~~~UtUhvu
2026-06-30 05:21:21 +0000 [MT] invoking codesign: <NSConcreteTask: 0xc8457b5c0; launchPath='/usr/bin/codesign', arguments='(
    "-f",
    "-s",
    841ED832F5CB2EA83C5EE8C502992F8B46BBBC32,
    "--entitlements",
    "/var/folders/vk/dmj39y_n1n7gs0wclbyqkfn40000gn/T/XcodeDistPipeline.~~~SSrfuy/entitlements~~~UtUhvu",
    "--preserve-metadata=identifier,flags,runtime,launch-constraints,library-constraints",
    "--generate-entitlement-der",
    "--strip-disallowed-xattrs",
    "-vvv",
    "/var/folders/vk/dmj39y_n1n7gs0wclbyqkfn40000gn/T/XcodeDistPipeline.~~~SSrfuy/Root/Applications/SparkMac.app/Contents/PlugIns/SparkWidgets.appex"
)'>
2026-06-30 05:21:21 +0000 [MT] codesign output: /var/folders/vk/dmj39y_n1n7gs0wclbyqkfn40000gn/T/XcodeDistPipeline.~~~SSrfuy/Root/Applications/SparkMac.app/Contents/PlugIns/SparkWidgets.appex: replacing existing signature
/var/folders/vk/dmj39y_n1n7gs0wclbyqkfn40000gn/T/XcodeDistPipeline.~~~SSrfuy/Root/Applications/SparkMac.app/Contents/PlugIns/SparkWidgets.appex: signed bundle with Mach-O universal (x86_64 arm64) [com.heyitsmejosh.spark.mac.widgets]
2026-06-30 05:21:21 +0000 [MT] Entitlements for <IDEDistributionItem: 0xc8413f6c0; bundleID='com.heyitsmejosh.spark.mac', path='<DVTFilePath:0xc8413d6e0:'/Users/joshua/Documents/Code/spark/macos/.asc/artifacts/SparkMac.xcarchive/Products/Applications/SparkMac.app'>', codeSigningInfo='<_DVTCodeSigningInformation_Path: 0xc8413f720; isSigned='1', isAdHocSigned='0', signingCertificate='<DVTSigningCertificate: 0xc820f9980; name='Apple Development: trommatic@icloud.com (8VQ3Z7494A)', hash='DCF40745BE43EDF323978FBAEB96BAC4C4FA93E2', serialNumber='AD882848985F58FD0F83487E38FA44C', certificateKinds='(
    "1.2.840.113635.100.6.1.12",
    "1.2.840.113635.100.6.1.2"
), issueDate='2026-06-12 02:06:14 +0000''>', entitlements='{
    "com.apple.security.app-sandbox" = 1;
    "com.apple.security.network.client" = 1;
}', teamID='QMM486NPYC', identifier='com.heyitsmejosh.spark.mac', executablePath='<DVTFilePath:0xc8337c660:'/Users/joshua/Documents/Code/spark/macos/.asc/artifacts/SparkMac.xcarchive/Products/Applications/SparkMac.app/Contents/MacOS/SparkMac'>', hardenedRuntime='0'>'>: {
    "com.apple.application-identifier" = "QMM486NPYC.com.heyitsmejosh.spark.mac";
    "com.apple.developer.team-identifier" = QMM486NPYC;
    "com.apple.security.app-sandbox" = 1;
    "com.apple.security.network.client" = 1;
}
2026-06-30 05:21:21 +0000 [MT] Associated App Clip Identifiers Filter: Skipping because "com.apple.developer.associated-appclip-app-identifiers" is not present
2026-06-30 05:21:21 +0000 [MT] Entitlements for <IDEDistributionItem: 0xc8413f6c0; bundleID='com.heyitsmejosh.spark.mac', path='<DVTFilePath:0xc8413d6e0:'/Users/joshua/Documents/Code/spark/macos/.asc/artifacts/SparkMac.xcarchive/Products/Applications/SparkMac.app'>', codeSigningInfo='<_DVTCodeSigningInformation_Path: 0xc8413f720; isSigned='1', isAdHocSigned='0', signingCertificate='<DVTSigningCertificate: 0xc820f8d80; name='Apple Development: trommatic@icloud.com (8VQ3Z7494A)', hash='DCF40745BE43EDF323978FBAEB96BAC4C4FA93E2', serialNumber='AD882848985F58FD0F83487E38FA44C', certificateKinds='(
    "1.2.840.113635.100.6.1.12",
    "1.2.840.113635.100.6.1.2"
), issueDate='2026-06-12 02:06:14 +0000''>', entitlements='{
    "com.apple.security.app-sandbox" = 1;
    "com.apple.security.network.client" = 1;
}', teamID='QMM486NPYC', identifier='com.heyitsmejosh.spark.mac', executablePath='<DVTFilePath:0xc8337c660:'/Users/joshua/Documents/Code/spark/macos/.asc/artifacts/SparkMac.xcarchive/Products/Applications/SparkMac.app/Contents/MacOS/SparkMac'>', hardenedRuntime='0'>'> are: {
    "com.apple.application-identifier" = "QMM486NPYC.com.heyitsmejosh.spark.mac";
    "com.apple.developer.team-identifier" = QMM486NPYC;
    "com.apple.security.app-sandbox" = 1;
    "com.apple.security.network.client" = 1;
}
2026-06-30 05:21:21 +0000 [MT] Writing entitlements for <IDEDistributionItem: 0xc8413f6c0; bundleID='com.heyitsmejosh.spark.mac', path='<DVTFilePath:0xc8413d6e0:'/Users/joshua/Documents/Code/spark/macos/.asc/artifacts/SparkMac.xcarchive/Products/Applications/SparkMac.app'>', codeSigningInfo='<_DVTCodeSigningInformation_Path: 0xc8413f720; isSigned='1', isAdHocSigned='0', signingCertificate='<DVTSigningCertificate: 0xc820f8d80; name='Apple Development: trommatic@icloud.com (8VQ3Z7494A)', hash='DCF40745BE43EDF323978FBAEB96BAC4C4FA93E2', serialNumber='AD882848985F58FD0F83487E38FA44C', certificateKinds='(
    "1.2.840.113635.100.6.1.12",
    "1.2.840.113635.100.6.1.2"
), issueDate='2026-06-12 02:06:14 +0000''>', entitlements='{
    "com.apple.security.app-sandbox" = 1;
    "com.apple.security.network.client" = 1;
}', teamID='QMM486NPYC', identifier='com.heyitsmejosh.spark.mac', executablePath='<DVTFilePath:0xc8337c660:'/Users/joshua/Documents/Code/spark/macos/.asc/artifacts/SparkMac.xcarchive/Products/Applications/SparkMac.app/Contents/MacOS/SparkMac'>', hardenedRuntime='0'>'> to: /var/folders/vk/dmj39y_n1n7gs0wclbyqkfn40000gn/T/XcodeDistPipeline.~~~SSrfuy/entitlements~~~fJIR52
2026-06-30 05:21:21 +0000 [MT] invoking codesign: <NSConcreteTask: 0xc8457b700; launchPath='/usr/bin/codesign', arguments='(
    "-f",
    "-s",
    841ED832F5CB2EA83C5EE8C502992F8B46BBBC32,
    "--entitlements",
    "/var/folders/vk/dmj39y_n1n7gs0wclbyqkfn40000gn/T/XcodeDistPipeline.~~~SSrfuy/entitlements~~~fJIR52",
    "--preserve-metadata=identifier,flags,runtime,launch-constraints,library-constraints",
    "--generate-entitlement-der",
    "--strip-disallowed-xattrs",
    "-vvv",
    "/var/folders/vk/dmj39y_n1n7gs0wclbyqkfn40000gn/T/XcodeDistPipeline.~~~SSrfuy/Root/Applications/SparkMac.app"
)'>
2026-06-30 05:21:21 +0000 [MT] codesign output: /var/folders/vk/dmj39y_n1n7gs0wclbyqkfn40000gn/T/XcodeDistPipeline.~~~SSrfuy/Root/Applications/SparkMac.app: replacing existing signature
/var/folders/vk/dmj39y_n1n7gs0wclbyqkfn40000gn/T/XcodeDistPipeline.~~~SSrfuy/Root/Applications/SparkMac.app: signed app bundle with Mach-O universal (x86_64 arm64) [com.heyitsmejosh.spark.mac]
2026-06-30 05:21:21 +0000 [MT] Processing step: IDEDistributionZipODRItemStep
2026-06-30 05:21:21 +0000 [MT] Skipping step: IDEDistributionZipODRItemStep because it said so
2026-06-30 05:21:21 +0000 [MT] Skipping step: IDEDistributionZipODRItemStep because it said so
2026-06-30 05:21:21 +0000 [MT] Processing step: IDEDistributionCreatePKGStep
2026-06-30 05:21:21 +0000 [MT] Running /usr/bin/productbuild '--sign' '3rd Party Mac Developer Installer: Joshua Trommel (QMM486NPYC)' '--symbolication' '/var/folders/vk/dmj39y_n1n7gs0wclbyqkfn40000gn/T/XcodeDistPipeline.~~~SSrfuy/Symbols' '--component' '/var/folders/vk/dmj39y_n1n7gs0wclbyqkfn40000gn/T/XcodeDistPipeline.~~~SSrfuy/Root/Applications/SparkMac.app' '/Applications' '/var/folders/vk/dmj39y_n1n7gs0wclbyqkfn40000gn/T/XcodeDistPipeline.~~~SSrfuy/Packages/SparkMac.pkg'
2026-06-30 05:21:21 +0000  productbuild: Adding component at /var/folders/vk/dmj39y_n1n7gs0wclbyqkfn40000gn/T/XcodeDistPipeline.~~~SSrfuy/Root/Applications/SparkMac.app
productbuild: Signing product with identity "3rd Party Mac Developer Installer: Joshua Trommel (QMM486NPYC)" from keychain /Users/joshua/Library/Keychains/login.keychain-db
productbuild: Adding certificate "Apple Worldwide Developer Relations Certification Authority"
productbuild: Adding certificate "Apple Root CA"
productbuild: Wrote product to /var/folders/vk/dmj39y_n1n7gs0wclbyqkfn40000gn/T/XcodeDistPipeline.~~~SSrfuy/Packages/SparkMac.pkg
productbuild: Supported OS versions: [Min: 14.0, Before: None]
2026-06-30 05:21:21 +0000 [MT] /usr/bin/productbuild exited with 0
2026-06-30 05:21:21 +0000 [MT] Processing step: IDEDistributionAppStoreInformationStep
2026-06-30 05:21:21 +0000 [MT] Skipping step: IDEDistributionAppStoreInformationStep because it said so
2026-06-30 05:21:21 +0000 [MT] Processing step: IDEDistributionGenerateProcessedDistributionItems
2026-06-30 05:21:21 +0000 [MT] IDEDistributionItem init <DVTFilePath:0xc844eb950:'/var/folders/vk/dmj39y_n1n7gs0wclbyqkfn40000gn/T/XcodeDistPipeline.~~~SSrfuy/Root/Applications/SparkMac.app/Contents/PlugIns/SparkWidgets.appex'>
2026-06-30 05:21:21 +0000 [MT] [OPTIONAL] Didn't find embedded provisioning profile for <DVTFilePath:0xc844eb950:'/var/folders/vk/dmj39y_n1n7gs0wclbyqkfn40000gn/T/XcodeDistPipeline.~~~SSrfuy/Root/Applications/SparkMac.app/Contents/PlugIns/SparkWidgets.appex'>: Error Domain=NSCocoaErrorDomain Code=4 "No file at <DVTFilePath:0xc844ebb10:'/var/folders/vk/dmj39y_n1n7gs0wclbyqkfn40000gn/T/XcodeDistPipeline.~~~SSrfuy/Root/Applications/SparkMac.app/Contents/PlugIns/SparkWidgets.appex/Contents/embedded.provisionprofile'>" UserInfo={NSLocalizedDescription=No file at <DVTFilePath:0xc844ebb10:'/var/folders/vk/dmj39y_n1n7gs0wclbyqkfn40000gn/T/XcodeDistPipeline.~~~SSrfuy/Root/Applications/SparkMac.app/Contents/PlugIns/SparkWidgets.appex/Contents/embedded.provisionprofile'>}
2026-06-30 05:21:21 +0000 [MT] IDEDistributionItem init <DVTFilePath:0xc843d6100:'/var/folders/vk/dmj39y_n1n7gs0wclbyqkfn40000gn/T/XcodeDistPipeline.~~~SSrfuy/Root/Applications/SparkMac.app'>
2026-06-30 05:21:21 +0000 [MT] Processing step: IDEDistributionCreateManifestStep
2026-06-30 05:21:21 +0000 [MT] Skipping step: IDEDistributionCreateManifestStep because it said so
