2026-07-03 15:34:20 +0000 [MT] Initial pipeline context: <IDEDistributionProcessingPipelineContext: 0x816090c00; archive(resolved)="<IDEArchive: 0x81842ae60>", distributionTask(resolved)="2", distributionDestination(resolved)="1", distributionMethod(resolved)="<IDEDistributionMethodMacAppStoreDistribution: 0x81603ba60>", team(resolved)="<IDEProvisioningBasicTeam: 0x81663c520; teamID='QMM486NPYC', teamName='Joshua Trommel'>">
	Chain (15, self inclusive):
	<IDEDistributionProcessingPipelineContext: 0x816090c00; archive = "<IDEArchive: 0x81842ae60>", distributionMethod="<IDEDistributionMethodMacAppStoreDistribution: 0x81603ba60>", team="<IDEProvisioningBasicTeam: 0x81663c520; teamID='QMM486NPYC', teamName='Joshua Trommel'>">
	<IDEDistributionProcessingPipelineContext: 0x816090f00; archive = "<IDEArchive: 0x81842ae60>", distributionMethod="<IDEDistributionMethodMacAppStoreDistribution: 0x81603ba60>", team="<IDEProvisioningBasicTeam: 0x81663c520; teamID='QMM486NPYC', teamName='Joshua Trommel'>">
	<IDEDistributionContext: 0x81861b980; archive = "<IDEArchive: 0x81842ae60>", distributionMethod="<IDEDistributionMethodMacAppStoreDistribution: 0x81603ba60>", team="<IDEProvisioningBasicTeam: 0x81663c520; teamID='QMM486NPYC', teamName='Joshua Trommel'>">
	<IDEDistributionContext: 0x81861aa80; archive = "<IDEArchive: 0x81842ae60>", distributionMethod="<IDEDistributionMethodMacAppStoreDistribution: 0x81603ba60>", team="<IDEProvisioningBasicTeam: 0x81663c520; teamID='QMM486NPYC', teamName='Joshua Trommel'>">
	<IDEDistributionContext: 0x81861a800; archive = "<IDEArchive: 0x81842ae60>", distributionMethod="<IDEDistributionMethodMacAppStoreDistribution: 0x81603ba60>", team="<IDEProvisioningBasicTeam: 0x81663c520; teamID='QMM486NPYC', teamName='Joshua Trommel'>">
	<IDEDistributionContext: 0x81861a580; archive = "<IDEArchive: 0x81842ae60>", distributionMethod="<IDEDistributionMethodMacAppStoreDistribution: 0x81603ba60>", team="<IDEProvisioningBasicTeam: 0x81663c520; teamID='QMM486NPYC', teamName='Joshua Trommel'>">
	<IDEDistributionContext: 0x81861a300; archive = "<IDEArchive: 0x81842ae60>", distributionMethod="<IDEDistributionMethodMacAppStoreDistribution: 0x81603ba60>", team="<IDEProvisioningBasicTeam: 0x81663c520; teamID='QMM486NPYC', teamName='Joshua Trommel'>">
	<IDEDistributionContext: 0x81861a080; archive = "<IDEArchive: 0x81842ae60>", distributionMethod="<IDEDistributionMethodMacAppStoreDistribution: 0x81603ba60>", team="<IDEProvisioningBasicTeam: 0x81663c520; teamID='QMM486NPYC', teamName='Joshua Trommel'>">
	<IDEDistributionContext: 0x818619e00; archive = "<IDEArchive: 0x81842ae60>", distributionMethod="<IDEDistributionMethodMacAppStoreDistribution: 0x81603ba60>", team="<IDEProvisioningBasicTeam: 0x81663c520; teamID='QMM486NPYC', teamName='Joshua Trommel'>">
	<IDEDistributionContext: 0x818618f00; archive = "<IDEArchive: 0x81842ae60>", distributionMethod="<IDEDistributionMethodMacAppStoreDistribution: 0x81603ba60>", team="<IDEProvisioningBasicTeam: 0x81663c520; teamID='QMM486NPYC', teamName='Joshua Trommel'>">
	<IDEDistributionContext: 0x818618c80; archive = "<IDEArchive: 0x81842ae60>", distributionMethod="<IDEDistributionMethodMacAppStoreDistribution: 0x81603ba60>", team="<IDEProvisioningBasicTeam: 0x81663c520; teamID='QMM486NPYC', teamName='Joshua Trommel'>">
	<IDEDistributionContext: 0x818618a00; archive = "<IDEArchive: 0x81842ae60>", distributionMethod="<IDEDistributionMethodMacAppStoreDistribution: 0x81603ba60>", team="<IDEProvisioningBasicTeam: 0x81663c520; teamID='QMM486NPYC', teamName='Joshua Trommel'>">
	<IDEDistributionContext: 0x818618780; archive = "<IDEArchive: 0x81842ae60>", distributionMethod="<IDEDistributionMethodMacAppStoreDistribution: 0x81603ba60>", team="(null)">
	<IDEDistributionContext: 0x818618000; archive = "<IDEArchive: 0x81842ae60>", distributionMethod="<IDEDistributionMethodMacAppStoreDistribution: 0x81603ba60>", team="(null)">
	<IDEDistributionContext: 0x104cb5db0; archive = "<IDEArchive: 0x81842ae60>", distributionMethod="(null)", team="(null)">
</IDEDistributionProcessingPipelineContext: 0x816090c00>
2026-07-03 15:34:20 +0000 [MT] Processing step: IDEDistributionCreateDestRootStep
2026-07-03 15:34:20 +0000 [MT] Processing step: IDEDistributionCopyItemStep
2026-07-03 15:34:20 +0000 [MT] Running /usr/bin/ditto '-V' '/Users/joshua/Documents/Code/spark/macos/.asc/artifacts/SparkMac.xcarchive/Products/Applications/SparkMac.app' '/var/folders/vk/dmj39y_n1n7gs0wclbyqkfn40000gn/T/XcodeDistPipeline.~~~DfNJNC/Root/Applications/SparkMac.app'
2026-07-03 15:34:20 +0000  >>> Copying /Users/joshua/Documents/Code/spark/macos/.asc/artifacts/SparkMac.xcarchive/Products/Applications/SparkMac.app 
2026-07-03 15:34:20 +0000  copying file ./Contents/_CodeSignature/CodeResources ... 
2026-07-03 15:34:20 +0000  3460 bytes for ./Contents/_CodeSignature/CodeResources
2026-07-03 15:34:20 +0000  copying file ./Contents/MacOS/SparkMac ... 
2026-07-03 15:34:20 +0000  1021520 bytes for ./Contents/MacOS/SparkMac
2026-07-03 15:34:20 +0000  copying file ./Contents/PlugIns/SparkWidgets.appex/Contents/_CodeSignature/CodeResources ... 
2026-07-03 15:34:20 +0000  2355 bytes for ./Contents/PlugIns/SparkWidgets.appex/Contents/_CodeSignature/CodeResources
2026-07-03 15:34:20 +0000  copying file ./Contents/PlugIns/SparkWidgets.appex/Contents/MacOS/SparkWidgets ... 
2026-07-03 15:34:20 +0000  551120 bytes for ./Contents/PlugIns/SparkWidgets.appex/Contents/MacOS/SparkWidgets
2026-07-03 15:34:20 +0000  copying file ./Contents/PlugIns/SparkWidgets.appex/Contents/embedded.provisionprofile ... 
2026-07-03 15:34:20 +0000  12870 bytes for ./Contents/PlugIns/SparkWidgets.appex/Contents/embedded.provisionprofile
copying file ./Contents/PlugIns/SparkWidgets.appex/Contents/Info.plist ... 
2026-07-03 15:34:20 +0000  1494 bytes for ./Contents/PlugIns/SparkWidgets.appex/Contents/Info.plist
copying file ./Contents/Resources/AppIcon.icns ... 
2026-07-03 15:34:20 +0000  17379 bytes for ./Contents/Resources/AppIcon.icns
copying file ./Contents/Resources/Assets.car ... 
2026-07-03 15:34:20 +0000  90552 bytes for ./Contents/Resources/Assets.car
copying file ./Contents/Resources/spark-mac-1.png ... 
2026-07-03 15:34:20 +0000  649123 bytes for ./Contents/Resources/spark-mac-1.png
copying file ./Contents/embedded.provisionprofile ... 
2026-07-03 15:34:20 +0000  12858 bytes for ./Contents/embedded.provisionprofile
copying file ./Contents/Info.plist ... 
2026-07-03 15:34:20 +0000  1483 bytes for ./Contents/Info.plist
2026-07-03 15:34:20 +0000  copying file ./Contents/PkgInfo ... 
2026-07-03 15:34:20 +0000  8 bytes for ./Contents/PkgInfo
2026-07-03 15:34:20 +0000 [MT] /usr/bin/ditto exited with 0
2026-07-03 15:34:20 +0000 [MT] Processing step: IDEDistributionEmbedProfileStep
2026-07-03 15:34:20 +0000 [MT] Processing step: IDEDistributionInfoPlistStep
2026-07-03 15:34:20 +0000 [MT] Skipping setting DTXcodeBuildDistribution because toolsBuildVersionName was nil.
2026-07-03 15:34:20 +0000 [MT] Skipping setting DTXcodeBuildDistribution because toolsBuildVersionName was nil.
2026-07-03 15:34:20 +0000 [MT] Processing step: IDEDistributionItemRemovalStep
2026-07-03 15:34:20 +0000 [MT] Processing step: IDEDistributionAppThinningPlistStep
2026-07-03 15:34:20 +0000 [MT] Processing step: IDEDistributionSymbolsStep
2026-07-03 15:34:20 +0000 [MT] Writing /var/folders/vk/dmj39y_n1n7gs0wclbyqkfn40000gn/T/XcodeDistPipeline.~~~DfNJNC/Symbols/D6457354-53E0-3090-9094-EA46C7DAD7B4.symbols
2026-07-03 15:34:20 +0000 [MT] Writing /var/folders/vk/dmj39y_n1n7gs0wclbyqkfn40000gn/T/XcodeDistPipeline.~~~DfNJNC/Symbols/6DBA7379-2F80-3C4A-AEC1-16AB1A6BD50E.symbols
2026-07-03 15:34:20 +0000 [MT] Writing /var/folders/vk/dmj39y_n1n7gs0wclbyqkfn40000gn/T/XcodeDistPipeline.~~~DfNJNC/Symbols/D6457354-53E0-3090-9094-EA46C7DAD7B4.symbols
2026-07-03 15:34:20 +0000 [MT] Writing /var/folders/vk/dmj39y_n1n7gs0wclbyqkfn40000gn/T/XcodeDistPipeline.~~~DfNJNC/Symbols/6DBA7379-2F80-3C4A-AEC1-16AB1A6BD50E.symbols
2026-07-03 15:34:20 +0000 [MT] Writing /var/folders/vk/dmj39y_n1n7gs0wclbyqkfn40000gn/T/XcodeDistPipeline.~~~DfNJNC/Symbols/CFE2FBDB-C54F-3C1D-9097-D745CF239889.symbols
2026-07-03 15:34:20 +0000 [MT] Writing /var/folders/vk/dmj39y_n1n7gs0wclbyqkfn40000gn/T/XcodeDistPipeline.~~~DfNJNC/Symbols/F553C141-927E-395A-8152-4743021B9977.symbols
2026-07-03 15:34:20 +0000 [MT] Writing /var/folders/vk/dmj39y_n1n7gs0wclbyqkfn40000gn/T/XcodeDistPipeline.~~~DfNJNC/Symbols/CFE2FBDB-C54F-3C1D-9097-D745CF239889.symbols
2026-07-03 15:34:20 +0000 [MT] Writing /var/folders/vk/dmj39y_n1n7gs0wclbyqkfn40000gn/T/XcodeDistPipeline.~~~DfNJNC/Symbols/F553C141-927E-395A-8152-4743021B9977.symbols
2026-07-03 15:34:20 +0000 [MT] Processing step: IDEDistributionCopyAppleProvidedContentStep
2026-07-03 15:34:20 +0000 [MT] Processing step: IDEDistributionAppThinningStep
2026-07-03 15:34:20 +0000 [MT] Skipping step: IDEDistributionAppThinningStep because it said so
2026-07-03 15:34:20 +0000 [MT] Processing step: IDEDistributionArchThinningStep
2026-07-03 15:34:20 +0000 [MT] Archs to thin for item /Users/joshua/Documents/Code/spark/macos/.asc/artifacts/SparkMac.xcarchive/Products/Applications/SparkMac.app/Contents/PlugIns/SparkWidgets.appex are []
2026-07-03 15:34:20 +0000 [MT] Archs to thin for item /Users/joshua/Documents/Code/spark/macos/.asc/artifacts/SparkMac.xcarchive/Products/Applications/SparkMac.app are []
2026-07-03 15:34:20 +0000 [MT] Processing step: IDEDistributionODRStep
2026-07-03 15:34:20 +0000 [MT] Processing step: IDEDistributionStripXattrsStep
2026-07-03 15:34:20 +0000 [MT] Skipping stripping extended attributes because the codesign step will strip them.
2026-07-03 15:34:20 +0000 [MT] Skipping stripping extended attributes because the codesign step will strip them.
2026-07-03 15:34:20 +0000 [MT] Processing step: IDEDistributionCodesignStep
2026-07-03 15:34:20 +0000 [MT] Entitlements for <IDEDistributionItem: 0x81824e940; bundleID='com.heyitsmejosh.spark.mac.widgets', path='<DVTFilePath:0x8180c9ff0:'/Users/joshua/Documents/Code/spark/macos/.asc/artifacts/SparkMac.xcarchive/Products/Applications/SparkMac.app/Contents/PlugIns/SparkWidgets.appex'>', codeSigningInfo='<_DVTCodeSigningInformation_Path: 0x81824e8e0; isSigned='1', isAdHocSigned='0', signingCertificate='<DVTSigningCertificate: 0x818d415c0; name='Apple Development: trommatic@icloud.com (8VQ3Z7494A)', hash='DCF40745BE43EDF323978FBAEB96BAC4C4FA93E2', serialNumber='AD882848985F58FD0F83487E38FA44C', certificateKinds='(
    "1.2.840.113635.100.6.1.12",
    "1.2.840.113635.100.6.1.2"
), issueDate='2026-06-12 02:06:14 +0000''>', entitlements='{
    "com.apple.application-identifier" = "QMM486NPYC.com.heyitsmejosh.spark.mac.widgets";
    "com.apple.developer.team-identifier" = QMM486NPYC;
    "com.apple.security.app-sandbox" = 1;
    "com.apple.security.application-groups" =     (
        "group.com.jt.spark"
    );
}', teamID='QMM486NPYC', identifier='com.heyitsmejosh.spark.mac.widgets', executablePath='<DVTFilePath:0x818555200:'/Users/joshua/Documents/Code/spark/macos/.asc/artifacts/SparkMac.xcarchive/Products/Applications/SparkMac.app/Contents/PlugIns/SparkWidgets.appex/Contents/MacOS/SparkWidgets'>', hardenedRuntime='0'>'>: {
    "com.apple.application-identifier" = "QMM486NPYC.com.heyitsmejosh.spark.mac.widgets";
    "com.apple.developer.team-identifier" = QMM486NPYC;
    "com.apple.security.app-sandbox" = 1;
    "com.apple.security.application-groups" =     (
        "group.com.jt.spark"
    );
}
2026-07-03 15:34:20 +0000 [MT] Associated App Clip Identifiers Filter: Skipping because "com.apple.developer.associated-appclip-app-identifiers" is not present
2026-07-03 15:34:20 +0000 [MT] Entitlements for <IDEDistributionItem: 0x81824e940; bundleID='com.heyitsmejosh.spark.mac.widgets', path='<DVTFilePath:0x8180c9ff0:'/Users/joshua/Documents/Code/spark/macos/.asc/artifacts/SparkMac.xcarchive/Products/Applications/SparkMac.app/Contents/PlugIns/SparkWidgets.appex'>', codeSigningInfo='<_DVTCodeSigningInformation_Path: 0x81824e8e0; isSigned='1', isAdHocSigned='0', signingCertificate='<DVTSigningCertificate: 0x818d40e40; name='Apple Development: trommatic@icloud.com (8VQ3Z7494A)', hash='DCF40745BE43EDF323978FBAEB96BAC4C4FA93E2', serialNumber='AD882848985F58FD0F83487E38FA44C', certificateKinds='(
    "1.2.840.113635.100.6.1.12",
    "1.2.840.113635.100.6.1.2"
), issueDate='2026-06-12 02:06:14 +0000''>', entitlements='{
    "com.apple.application-identifier" = "QMM486NPYC.com.heyitsmejosh.spark.mac.widgets";
    "com.apple.developer.team-identifier" = QMM486NPYC;
    "com.apple.security.app-sandbox" = 1;
    "com.apple.security.application-groups" =     (
        "group.com.jt.spark"
    );
}', teamID='QMM486NPYC', identifier='com.heyitsmejosh.spark.mac.widgets', executablePath='<DVTFilePath:0x818555200:'/Users/joshua/Documents/Code/spark/macos/.asc/artifacts/SparkMac.xcarchive/Products/Applications/SparkMac.app/Contents/PlugIns/SparkWidgets.appex/Contents/MacOS/SparkWidgets'>', hardenedRuntime='0'>'> are: {
    "com.apple.application-identifier" = "QMM486NPYC.com.heyitsmejosh.spark.mac.widgets";
    "com.apple.developer.team-identifier" = QMM486NPYC;
    "com.apple.security.app-sandbox" = 1;
    "com.apple.security.application-groups" =     (
        "group.com.jt.spark"
    );
}
2026-07-03 15:34:20 +0000 [MT] Writing entitlements for <IDEDistributionItem: 0x81824e940; bundleID='com.heyitsmejosh.spark.mac.widgets', path='<DVTFilePath:0x8180c9ff0:'/Users/joshua/Documents/Code/spark/macos/.asc/artifacts/SparkMac.xcarchive/Products/Applications/SparkMac.app/Contents/PlugIns/SparkWidgets.appex'>', codeSigningInfo='<_DVTCodeSigningInformation_Path: 0x81824e8e0; isSigned='1', isAdHocSigned='0', signingCertificate='<DVTSigningCertificate: 0x818d40e40; name='Apple Development: trommatic@icloud.com (8VQ3Z7494A)', hash='DCF40745BE43EDF323978FBAEB96BAC4C4FA93E2', serialNumber='AD882848985F58FD0F83487E38FA44C', certificateKinds='(
    "1.2.840.113635.100.6.1.12",
    "1.2.840.113635.100.6.1.2"
), issueDate='2026-06-12 02:06:14 +0000''>', entitlements='{
    "com.apple.application-identifier" = "QMM486NPYC.com.heyitsmejosh.spark.mac.widgets";
    "com.apple.developer.team-identifier" = QMM486NPYC;
    "com.apple.security.app-sandbox" = 1;
    "com.apple.security.application-groups" =     (
        "group.com.jt.spark"
    );
}', teamID='QMM486NPYC', identifier='com.heyitsmejosh.spark.mac.widgets', executablePath='<DVTFilePath:0x818555200:'/Users/joshua/Documents/Code/spark/macos/.asc/artifacts/SparkMac.xcarchive/Products/Applications/SparkMac.app/Contents/PlugIns/SparkWidgets.appex/Contents/MacOS/SparkWidgets'>', hardenedRuntime='0'>'> to: /var/folders/vk/dmj39y_n1n7gs0wclbyqkfn40000gn/T/XcodeDistPipeline.~~~DfNJNC/entitlements~~~uLV40b
2026-07-03 15:34:20 +0000 [MT] invoking codesign: <NSConcreteTask: 0x8166f0410; launchPath='/usr/bin/codesign', arguments='(
    "-f",
    "-s",
    841ED832F5CB2EA83C5EE8C502992F8B46BBBC32,
    "--entitlements",
    "/var/folders/vk/dmj39y_n1n7gs0wclbyqkfn40000gn/T/XcodeDistPipeline.~~~DfNJNC/entitlements~~~uLV40b",
    "--preserve-metadata=identifier,flags,runtime,launch-constraints,library-constraints",
    "--generate-entitlement-der",
    "--strip-disallowed-xattrs",
    "-vvv",
    "/var/folders/vk/dmj39y_n1n7gs0wclbyqkfn40000gn/T/XcodeDistPipeline.~~~DfNJNC/Root/Applications/SparkMac.app/Contents/PlugIns/SparkWidgets.appex"
)'>
2026-07-03 15:34:20 +0000 [MT] codesign output: /var/folders/vk/dmj39y_n1n7gs0wclbyqkfn40000gn/T/XcodeDistPipeline.~~~DfNJNC/Root/Applications/SparkMac.app/Contents/PlugIns/SparkWidgets.appex: replacing existing signature
/var/folders/vk/dmj39y_n1n7gs0wclbyqkfn40000gn/T/XcodeDistPipeline.~~~DfNJNC/Root/Applications/SparkMac.app/Contents/PlugIns/SparkWidgets.appex: signed bundle with Mach-O universal (x86_64 arm64) [com.heyitsmejosh.spark.mac.widgets]
2026-07-03 15:34:20 +0000 [MT] Entitlements for <IDEDistributionItem: 0x818555e60; bundleID='com.heyitsmejosh.spark.mac', path='<DVTFilePath:0x8184f7de0:'/Users/joshua/Documents/Code/spark/macos/.asc/artifacts/SparkMac.xcarchive/Products/Applications/SparkMac.app'>', codeSigningInfo='<_DVTCodeSigningInformation_Path: 0x818555ec0; isSigned='1', isAdHocSigned='0', signingCertificate='<DVTSigningCertificate: 0x818d415c0; name='Apple Development: trommatic@icloud.com (8VQ3Z7494A)', hash='DCF40745BE43EDF323978FBAEB96BAC4C4FA93E2', serialNumber='AD882848985F58FD0F83487E38FA44C', certificateKinds='(
    "1.2.840.113635.100.6.1.12",
    "1.2.840.113635.100.6.1.2"
), issueDate='2026-06-12 02:06:14 +0000''>', entitlements='{
    "com.apple.application-identifier" = "QMM486NPYC.com.heyitsmejosh.spark.mac";
    "com.apple.developer.team-identifier" = QMM486NPYC;
    "com.apple.security.app-sandbox" = 1;
    "com.apple.security.application-groups" =     (
        "group.com.jt.spark"
    );
    "com.apple.security.network.client" = 1;
}', teamID='QMM486NPYC', identifier='com.heyitsmejosh.spark.mac', executablePath='<DVTFilePath:0x81824e460:'/Users/joshua/Documents/Code/spark/macos/.asc/artifacts/SparkMac.xcarchive/Products/Applications/SparkMac.app/Contents/MacOS/SparkMac'>', hardenedRuntime='0'>'>: {
    "com.apple.application-identifier" = "QMM486NPYC.com.heyitsmejosh.spark.mac";
    "com.apple.developer.team-identifier" = QMM486NPYC;
    "com.apple.security.app-sandbox" = 1;
    "com.apple.security.application-groups" =     (
        "group.com.jt.spark"
    );
    "com.apple.security.network.client" = 1;
}
2026-07-03 15:34:20 +0000 [MT] Associated App Clip Identifiers Filter: Skipping because "com.apple.developer.associated-appclip-app-identifiers" is not present
2026-07-03 15:34:20 +0000 [MT] Entitlements for <IDEDistributionItem: 0x818555e60; bundleID='com.heyitsmejosh.spark.mac', path='<DVTFilePath:0x8184f7de0:'/Users/joshua/Documents/Code/spark/macos/.asc/artifacts/SparkMac.xcarchive/Products/Applications/SparkMac.app'>', codeSigningInfo='<_DVTCodeSigningInformation_Path: 0x818555ec0; isSigned='1', isAdHocSigned='0', signingCertificate='<DVTSigningCertificate: 0x818d40e40; name='Apple Development: trommatic@icloud.com (8VQ3Z7494A)', hash='DCF40745BE43EDF323978FBAEB96BAC4C4FA93E2', serialNumber='AD882848985F58FD0F83487E38FA44C', certificateKinds='(
    "1.2.840.113635.100.6.1.12",
    "1.2.840.113635.100.6.1.2"
), issueDate='2026-06-12 02:06:14 +0000''>', entitlements='{
    "com.apple.application-identifier" = "QMM486NPYC.com.heyitsmejosh.spark.mac";
    "com.apple.developer.team-identifier" = QMM486NPYC;
    "com.apple.security.app-sandbox" = 1;
    "com.apple.security.application-groups" =     (
        "group.com.jt.spark"
    );
    "com.apple.security.network.client" = 1;
}', teamID='QMM486NPYC', identifier='com.heyitsmejosh.spark.mac', executablePath='<DVTFilePath:0x81824e460:'/Users/joshua/Documents/Code/spark/macos/.asc/artifacts/SparkMac.xcarchive/Products/Applications/SparkMac.app/Contents/MacOS/SparkMac'>', hardenedRuntime='0'>'> are: {
    "com.apple.application-identifier" = "QMM486NPYC.com.heyitsmejosh.spark.mac";
    "com.apple.developer.team-identifier" = QMM486NPYC;
    "com.apple.security.app-sandbox" = 1;
    "com.apple.security.application-groups" =     (
        "group.com.jt.spark"
    );
    "com.apple.security.network.client" = 1;
}
2026-07-03 15:34:20 +0000 [MT] Writing entitlements for <IDEDistributionItem: 0x818555e60; bundleID='com.heyitsmejosh.spark.mac', path='<DVTFilePath:0x8184f7de0:'/Users/joshua/Documents/Code/spark/macos/.asc/artifacts/SparkMac.xcarchive/Products/Applications/SparkMac.app'>', codeSigningInfo='<_DVTCodeSigningInformation_Path: 0x818555ec0; isSigned='1', isAdHocSigned='0', signingCertificate='<DVTSigningCertificate: 0x818d40e40; name='Apple Development: trommatic@icloud.com (8VQ3Z7494A)', hash='DCF40745BE43EDF323978FBAEB96BAC4C4FA93E2', serialNumber='AD882848985F58FD0F83487E38FA44C', certificateKinds='(
    "1.2.840.113635.100.6.1.12",
    "1.2.840.113635.100.6.1.2"
), issueDate='2026-06-12 02:06:14 +0000''>', entitlements='{
    "com.apple.application-identifier" = "QMM486NPYC.com.heyitsmejosh.spark.mac";
    "com.apple.developer.team-identifier" = QMM486NPYC;
    "com.apple.security.app-sandbox" = 1;
    "com.apple.security.application-groups" =     (
        "group.com.jt.spark"
    );
    "com.apple.security.network.client" = 1;
}', teamID='QMM486NPYC', identifier='com.heyitsmejosh.spark.mac', executablePath='<DVTFilePath:0x81824e460:'/Users/joshua/Documents/Code/spark/macos/.asc/artifacts/SparkMac.xcarchive/Products/Applications/SparkMac.app/Contents/MacOS/SparkMac'>', hardenedRuntime='0'>'> to: /var/folders/vk/dmj39y_n1n7gs0wclbyqkfn40000gn/T/XcodeDistPipeline.~~~DfNJNC/entitlements~~~NUKJ6F
2026-07-03 15:34:20 +0000 [MT] invoking codesign: <NSConcreteTask: 0x8166f03c0; launchPath='/usr/bin/codesign', arguments='(
    "-f",
    "-s",
    841ED832F5CB2EA83C5EE8C502992F8B46BBBC32,
    "--entitlements",
    "/var/folders/vk/dmj39y_n1n7gs0wclbyqkfn40000gn/T/XcodeDistPipeline.~~~DfNJNC/entitlements~~~NUKJ6F",
    "--preserve-metadata=identifier,flags,runtime,launch-constraints,library-constraints",
    "--generate-entitlement-der",
    "--strip-disallowed-xattrs",
    "-vvv",
    "/var/folders/vk/dmj39y_n1n7gs0wclbyqkfn40000gn/T/XcodeDistPipeline.~~~DfNJNC/Root/Applications/SparkMac.app"
)'>
2026-07-03 15:34:20 +0000 [MT] codesign output: /var/folders/vk/dmj39y_n1n7gs0wclbyqkfn40000gn/T/XcodeDistPipeline.~~~DfNJNC/Root/Applications/SparkMac.app: replacing existing signature
/var/folders/vk/dmj39y_n1n7gs0wclbyqkfn40000gn/T/XcodeDistPipeline.~~~DfNJNC/Root/Applications/SparkMac.app: signed app bundle with Mach-O universal (x86_64 arm64) [com.heyitsmejosh.spark.mac]
2026-07-03 15:34:20 +0000 [MT] Processing step: IDEDistributionZipODRItemStep
2026-07-03 15:34:20 +0000 [MT] Skipping step: IDEDistributionZipODRItemStep because it said so
2026-07-03 15:34:20 +0000 [MT] Skipping step: IDEDistributionZipODRItemStep because it said so
2026-07-03 15:34:20 +0000 [MT] Processing step: IDEDistributionCreatePKGStep
2026-07-03 15:34:20 +0000 [MT] Running /usr/bin/productbuild '--sign' '3rd Party Mac Developer Installer: Joshua Trommel (QMM486NPYC)' '--symbolication' '/var/folders/vk/dmj39y_n1n7gs0wclbyqkfn40000gn/T/XcodeDistPipeline.~~~DfNJNC/Symbols' '--component' '/var/folders/vk/dmj39y_n1n7gs0wclbyqkfn40000gn/T/XcodeDistPipeline.~~~DfNJNC/Root/Applications/SparkMac.app' '/Applications' '/var/folders/vk/dmj39y_n1n7gs0wclbyqkfn40000gn/T/XcodeDistPipeline.~~~DfNJNC/Packages/SparkMac.pkg'
2026-07-03 15:34:21 +0000  productbuild: Adding component at /var/folders/vk/dmj39y_n1n7gs0wclbyqkfn40000gn/T/XcodeDistPipeline.~~~DfNJNC/Root/Applications/SparkMac.app
productbuild: Signing product with identity "3rd Party Mac Developer Installer: Joshua Trommel (QMM486NPYC)" from keychain /Users/joshua/Library/Keychains/login.keychain-db
productbuild: Adding certificate "Apple Worldwide Developer Relations Certification Authority"
productbuild: Adding certificate "Apple Root CA"
productbuild: Wrote product to /var/folders/vk/dmj39y_n1n7gs0wclbyqkfn40000gn/T/XcodeDistPipeline.~~~DfNJNC/Packages/SparkMac.pkg
productbuild: Supported OS versions: [Min: 14.0, Before: None]
2026-07-03 15:34:21 +0000 [MT] /usr/bin/productbuild exited with 0
2026-07-03 15:34:21 +0000 [MT] Processing step: IDEDistributionAppStoreInformationStep
2026-07-03 15:34:21 +0000 [MT] Skipping step: IDEDistributionAppStoreInformationStep because it said so
2026-07-03 15:34:21 +0000 [MT] Processing step: IDEDistributionGenerateProcessedDistributionItems
2026-07-03 15:34:21 +0000 [MT] IDEDistributionItem init <DVTFilePath:0x818d31c70:'/var/folders/vk/dmj39y_n1n7gs0wclbyqkfn40000gn/T/XcodeDistPipeline.~~~DfNJNC/Root/Applications/SparkMac.app/Contents/PlugIns/SparkWidgets.appex'>
2026-07-03 15:34:21 +0000 [MT] IDEDistributionItem init <DVTFilePath:0x818d80f00:'/var/folders/vk/dmj39y_n1n7gs0wclbyqkfn40000gn/T/XcodeDistPipeline.~~~DfNJNC/Root/Applications/SparkMac.app'>
2026-07-03 15:34:21 +0000 [MT] Processing step: IDEDistributionCreateManifestStep
2026-07-03 15:34:21 +0000 [MT] Skipping step: IDEDistributionCreateManifestStep because it said so
